This file contains any messages produced by compilers while
running configure, to aid debugging if configure makes a mistake.

It was created by libenet configure 1.3.18, which was
generated by GNU Autoconf 2.71.  Invocation command line was

  $ ./configure

## --------- ##
## Platform. ##
## --------- ##

hostname = Air-Caleb-2
uname -m = arm64
uname -r = 22.1.0
uname -s = Darwin
uname -v = Darwin Kernel Version 22.1.0: Sun Oct  9 20:15:52 PDT 2022; root:xnu-8792.41.9~2/RELEASE_ARM64_T8112

/usr/bin/uname -p = arm
/bin/uname -X     = unknown

/bin/arch              = unknown
/usr/bin/arch -k       = unknown
/usr/convex/getsysinfo = unknown
/usr/bin/hostinfo      = Mach kernel version:
	 Darwin Kernel Version 22.1.0: Sun Oct  9 20:15:52 PDT 2022; root:xnu-8792.41.9~2/RELEASE_ARM64_T8112
Kernel configured for up to 8 processors.
8 processors are physically available.
8 processors are logically available.
Processor type: arm64e (ARM64E)
Processors active: 0 1 2 3 4 5 6 7
Primary memory available: 8.00 gigabytes
Default processor set: 381 tasks, 2569 threads, 8 processors
Load average: 2.35, Mach factor: 5.63
/bin/machine           = unknown
/usr/bin/oslevel       = unknown
/bin/universe          = unknown

PATH: /opt/homebrew/opt/node@20/bin/
PATH: /opt/homebrew/opt/ruby/bin/
PATH: /Users/cfoust/.cargo/bin/
PATH: /opt/homebrew/Cellar/janet/1.27.0/bin/
PATH: /Users/cfoust/go/bin/
PATH: /opt/local/bin/
PATH: /opt/local/sbin/
PATH: /opt/homebrew/bin/
PATH: /opt/homebrew/sbin/
PATH: /usr/local/bin/
PATH: /System/Cryptexes/App/usr/bin/
PATH: /usr/bin/
PATH: /bin/
PATH: /usr/sbin/
PATH: /sbin/
PATH: /Library/TeX/texbin/
PATH: /usr/local/go/bin/
PATH: /Library/Apple/usr/bin/
PATH: /Applications/kitty.app/Contents/MacOS/
PATH: /opt/homebrew/bin/
PATH: /Users/cfoust/.fzf/bin/
PATH: /Users/cfoust/cawnfig/bin/
PATH: /Users/cfoust/cawnfig/bin/
PATH: /Users/cfoust/cawnfig/bin/


## ----------- ##
## Core tests. ##
## ----------- ##

configure:2469: looking for aux files: config.guess config.sub ltmain.sh compile missing install-sh
configure:2482:  trying ./
configure:2511:   ./config.guess found
configure:2511:   ./config.sub found
configure:2511:   ./ltmain.sh found
configure:2511:   ./compile found
configure:2511:   ./missing found
configure:2493:   ./install-sh found
configure:2641: checking for a BSD-compatible install
configure:2714: result: /usr/bin/install -c
configure:2725: checking whether build environment is sane
configure:2780: result: yes
configure:2939: checking for a race-free mkdir -p
configure:2983: result: ./install-sh -c -d
configure:2990: checking for gawk
configure:3025: result: no
configure:2990: checking for mawk
configure:3025: result: no
configure:2990: checking for nawk
configure:3025: result: no
configure:2990: checking for awk
configure:3011: found /usr/bin/awk
configure:3022: result: awk
configure:3033: checking whether make sets $(MAKE)
configure:3056: result: yes
configure:3086: checking whether make supports nested variables
configure:3104: result: yes
configure:3305: checking for gcc
configure:3326: found /usr/bin/gcc
configure:3337: result: gcc
configure:3690: checking for C compiler version
configure:3699: gcc --version >&5
Apple clang version 14.0.3 (clang-1403.0.22.14.1)
Target: arm64-apple-darwin22.1.0
Thread model: posix
InstalledDir: /Library/Developer/CommandLineTools/usr/bin
configure:3710: $? = 0
configure:3699: gcc -v >&5
Apple clang version 14.0.3 (clang-1403.0.22.14.1)
Target: arm64-apple-darwin22.1.0
Thread model: posix
InstalledDir: /Library/Developer/CommandLineTools/usr/bin
configure:3710: $? = 0
configure:3699: gcc -V >&5
clang: error: argument to '-V' is missing (expected 1 value)
clang: error: no input files
configure:3710: $? = 1
configure:3699: gcc -qversion >&5
clang: error: unknown argument '-qversion'; did you mean '--version'?
clang: error: no input files
configure:3710: $? = 1
configure:3699: gcc -version >&5
clang: error: unknown argument '-version'; did you mean '--version'?
clang: error: no input files
configure:3710: $? = 1
configure:3730: checking whether the C compiler works
configure:3752: gcc    conftest.c  >&5
configure:3756: $? = 0
configure:3806: result: yes
configure:3809: checking for C compiler default output file name
configure:3811: result: a.out
configure:3817: checking for suffix of executables
configure:3824: gcc -o conftest    conftest.c  >&5
configure:3828: $? = 0
configure:3851: result: 
configure:3873: checking whether we are cross compiling
configure:3881: gcc -o conftest    conftest.c  >&5
configure:3885: $? = 0
configure:3892: ./conftest
configure:3896: $? = 0
configure:3911: result: no
configure:3916: checking for suffix of object files
configure:3939: gcc -c   conftest.c >&5
configure:3943: $? = 0
configure:3965: result: o
configure:3969: checking whether the compiler supports GNU C
configure:3989: gcc -c   conftest.c >&5
configure:3989: $? = 0
configure:3999: result: yes
configure:4010: checking whether gcc accepts -g
configure:4031: gcc -c -g  conftest.c >&5
configure:4031: $? = 0
configure:4075: result: yes
configure:4095: checking for gcc option to enable C11 features
configure:4110: gcc  -c -g -O2  conftest.c >&5
conftest.c:25:14: warning: a function declaration without a prototype is deprecated in all versions of C and is not supported in C2x [-Wdeprecated-non-prototype]
static char *e (p, i)
             ^
1 warning generated.
configure:4110: $? = 0
configure:4128: result: none needed
configure:4244: checking whether gcc understands -c and -o together
configure:4267: gcc -c conftest.c -o conftest2.o
configure:4270: $? = 0
configure:4267: gcc -c conftest.c -o conftest2.o
configure:4270: $? = 0
configure:4282: result: yes
configure:4302: checking whether make supports the include directive
configure:4317: make -f confmf.GNU && cat confinc.out
this is the am__doit target
configure:4320: $? = 0
configure:4339: result: yes (GNU style)
configure:4365: checking dependency style of gcc
configure:4477: result: gcc3
configure:4524: checking build system type
configure:4539: result: aarch64-apple-darwin22.1.0
configure:4559: checking host system type
configure:4573: result: aarch64-apple-darwin22.1.0
configure:4614: checking how to print strings
configure:4641: result: printf
configure:4662: checking for a sed that does not truncate output
configure:4732: result: /usr/bin/sed
configure:4750: checking for grep that handles long lines and -e
configure:4814: result: /usr/bin/grep
configure:4819: checking for egrep
configure:4887: result: /usr/bin/grep -E
configure:4892: checking for fgrep
configure:4960: result: /usr/bin/grep -F
configure:4996: checking for ld used by gcc
configure:5064: result: /Library/Developer/CommandLineTools/usr/bin/ld
configure:5071: checking if the linker (/Library/Developer/CommandLineTools/usr/bin/ld) is GNU ld
configure:5087: result: no
configure:5099: checking for BSD- or MS-compatible name lister (nm)
configure:5154: result: /usr/bin/nm -B
configure:5294: checking the name lister (/usr/bin/nm -B) interface
configure:5302: gcc -c -g -O2  conftest.c >&5
configure:5305: /usr/bin/nm -B "conftest.o"
configure:5308: output
0000000000000230 S _some_variable
0000000000000000 t ltmp0
0000000000000230 s ltmp1
configure:5315: result: BSD nm
configure:5318: checking whether ln -s works
configure:5322: result: yes
configure:5330: checking the maximum length of command line arguments
configure:5462: result: 786432
configure:5510: checking how to convert aarch64-apple-darwin22.1.0 file names to aarch64-apple-darwin22.1.0 format
configure:5551: result: func_convert_file_noop
configure:5558: checking how to convert aarch64-apple-darwin22.1.0 file names to toolchain format
configure:5579: result: func_convert_file_noop
configure:5586: checking for /Library/Developer/CommandLineTools/usr/bin/ld option to reload object files
configure:5594: result: -r
configure:5673: checking for file
configure:5694: found /usr/bin/file
configure:5705: result: file
configure:5781: checking for objdump
configure:5802: found /usr/bin/objdump
configure:5813: result: objdump
configure:5845: checking how to recognize dependent libraries
configure:6046: result: pass_all
configure:6136: checking for dlltool
configure:6171: result: no
configure:6201: checking how to associate runtime and link libraries
configure:6229: result: printf %s\n
configure:6295: checking for ar
configure:6316: found /usr/bin/ar
configure:6327: result: ar
configure:6380: checking for archiver @FILE support
configure:6398: gcc -c -g -O2  conftest.c >&5
configure:6398: $? = 0
configure:6402: ar cr libconftest.a @conftest.lst >&5
ar: @conftest.lst: No such file or directory
configure:6405: $? = 1
configure:6425: result: no
configure:6488: checking for strip
configure:6509: found /usr/bin/strip
configure:6520: result: strip
configure:6597: checking for ranlib
configure:6618: found /usr/bin/ranlib
configure:6629: result: ranlib
configure:6731: checking command to parse /usr/bin/nm -B output from gcc object
configure:6885: gcc -c -g -O2  conftest.c >&5
configure:6888: $? = 0
configure:6892: /usr/bin/nm -B conftest.o \| /usr/bin/sed -n -e 's/^.*[ ]\([ABCDGIRSTW][ABCDGIRSTW]*\)[ ][ ]*\([_A-Za-z][_A-Za-z0-9]*\)$/\1 \2 \2/p' | /usr/bin/sed '/ __gnu_lto/d' \> conftest.nm
configure:6895: $? = 0
cannot find nm_test_var in conftest.nm
configure:6885: gcc -c -g -O2  conftest.c >&5
configure:6888: $? = 0
configure:6892: /usr/bin/nm -B conftest.o \| /usr/bin/sed -n -e 's/^.*[ ]\([ABCDGIRSTW][ABCDGIRSTW]*\)[ ][ ]*_\([_A-Za-z][_A-Za-z0-9]*\)$/\1 _\2 \2/p' | /usr/bin/sed '/ __gnu_lto/d' \> conftest.nm
configure:6895: $? = 0
configure:6961: gcc -o conftest -g -O2   conftest.c conftstm.o >&5
warning: (arm64)  could not find object file symbol for symbol _main
configure:6964: $? = 0
configure:7002: result: ok
configure:7049: checking for sysroot
configure:7080: result: no
configure:7087: checking for a working dd
configure:7131: result: /bin/dd
configure:7135: checking how to truncate binary pipes
configure:7151: result: /bin/dd bs=4096 count=1
configure:7488: checking for mt
configure:7523: result: no
configure:7543: checking if : is a manifest tool
configure:7550: : '-?'
configure:7558: result: no
configure:7619: checking for dsymutil
configure:7640: found /usr/bin/dsymutil
configure:7651: result: dsymutil
configure:7721: checking for nmedit
configure:7742: found /usr/bin/nmedit
configure:7753: result: nmedit
configure:7823: checking for lipo
configure:7844: found /usr/bin/lipo
configure:7855: result: lipo
configure:7925: checking for otool
configure:7946: found /usr/bin/otool
configure:7957: result: otool
configure:8027: checking for otool64
configure:8062: result: no
configure:8107: checking for -single_module linker flag
gcc -g -O2  -o libconftest.dylib -dynamiclib -Wl,-single_module conftest.c
configure:8141: result: yes
configure:8144: checking for -exported_symbols_list linker flag
configure:8165: gcc -o conftest -g -O2   -Wl,-exported_symbols_list,conftest.sym conftest.c  >&5
configure:8165: $? = 0
configure:8176: result: yes
configure:8179: checking for -force_load linker flag
gcc -g -O2 -c -o conftest.o conftest.c
ar cr libconftest.a conftest.o
ranlib libconftest.a
gcc -g -O2  -o conftest conftest.c -Wl,-force_load,./libconftest.a
configure:8212: result: yes
configure:8283: checking for stdio.h
configure:8283: gcc -c -g -O2  conftest.c >&5
configure:8283: $? = 0
configure:8283: result: yes
configure:8283: checking for stdlib.h
configure:8283: gcc -c -g -O2  conftest.c >&5
configure:8283: $? = 0
configure:8283: result: yes
configure:8283: checking for string.h
configure:8283: gcc -c -g -O2  conftest.c >&5
configure:8283: $? = 0
configure:8283: result: yes
configure:8283: checking for inttypes.h
configure:8283: gcc -c -g -O2  conftest.c >&5
configure:8283: $? = 0
configure:8283: result: yes
configure:8283: checking for stdint.h
configure:8283: gcc -c -g -O2  conftest.c >&5
configure:8283: $? = 0
configure:8283: result: yes
configure:8283: checking for strings.h
configure:8283: gcc -c -g -O2  conftest.c >&5
configure:8283: $? = 0
configure:8283: result: yes
configure:8283: checking for sys/stat.h
configure:8283: gcc -c -g -O2  conftest.c >&5
configure:8283: $? = 0
configure:8283: result: yes
configure:8283: checking for sys/types.h
configure:8283: gcc -c -g -O2  conftest.c >&5
configure:8283: $? = 0
configure:8283: result: yes
configure:8283: checking for unistd.h
configure:8283: gcc -c -g -O2  conftest.c >&5
configure:8283: $? = 0
configure:8283: result: yes
configure:8308: checking for dlfcn.h
configure:8308: gcc -c -g -O2  conftest.c >&5
configure:8308: $? = 0
configure:8308: result: yes
configure:8567: checking for objdir
configure:8583: result: .libs
configure:8847: checking if gcc supports -fno-rtti -fno-exceptions
configure:8866: gcc -c -g -O2  -fno-rtti -fno-exceptions conftest.c >&5
configure:8870: $? = 0
configure:8883: result: yes
configure:9241: checking for gcc option to produce PIC
configure:9249: result: -fno-common -DPIC
configure:9257: checking if gcc PIC flag -fno-common -DPIC works
configure:9276: gcc -c -g -O2  -fno-common -DPIC -DPIC conftest.c >&5
configure:9280: $? = 0
configure:9293: result: yes
configure:9322: checking if gcc static flag -static works
configure:9351: result: no
configure:9366: checking if gcc supports -c -o file.o
configure:9388: gcc -c -g -O2  -o out/conftest2.o conftest.c >&5
configure:9392: $? = 0
configure:9414: result: yes
configure:9422: checking if gcc supports -c -o file.o
configure:9470: result: yes
configure:9503: checking whether the gcc linker (/Library/Developer/CommandLineTools/usr/bin/ld) supports shared libraries
configure:10771: result: yes
configure:11012: checking dynamic linker characteristics
configure:11833: result: darwin22.1.0 dyld
configure:11955: checking how to hardcode library paths into programs
configure:11980: result: immediate
configure:12532: checking whether stripping libraries is possible
configure:12549: result: yes
configure:12583: checking if libtool supports shared libraries
configure:12585: result: yes
configure:12588: checking whether to build shared libraries
configure:12613: result: yes
configure:12616: checking whether to build static libraries
configure:12620: result: yes
configure:12658: checking for getaddrinfo
configure:12658: gcc -o conftest -g -O2   conftest.c  >&5
configure:12658: $? = 0
configure:12658: result: yes
configure:12665: checking for getnameinfo
configure:12665: gcc -o conftest -g -O2   conftest.c  >&5
configure:12665: $? = 0
configure:12665: result: yes
configure:12672: checking for gethostbyaddr_r
configure:12672: gcc -o conftest -g -O2   conftest.c  >&5
Undefined symbols for architecture arm64:
  "_gethostbyaddr_r", referenced from:
      _main in conftest-f9ae81.o
ld: symbol(s) not found for architecture arm64
clang: error: linker command failed with exit code 1 (use -v to see invocation)
configure:12672: $? = 1
configure: failed program was:
| /* confdefs.h */
| #define PACKAGE_NAME "libenet"
| #define PACKAGE_TARNAME "libenet"
| #define PACKAGE_VERSION "1.3.18"
| #define PACKAGE_STRING "libenet 1.3.18"
| #define PACKAGE_BUGREPORT ""
| #define PACKAGE_URL ""
| #define PACKAGE "libenet"
| #define VERSION "1.3.18"
| #define HAVE_STDIO_H 1
| #define HAVE_STDLIB_H 1
| #define HAVE_STRING_H 1
| #define HAVE_INTTYPES_H 1
| #define HAVE_STDINT_H 1
| #define HAVE_STRINGS_H 1
| #define HAVE_SYS_STAT_H 1
| #define HAVE_SYS_TYPES_H 1
| #define HAVE_UNISTD_H 1
| #define STDC_HEADERS 1
| #define HAVE_DLFCN_H 1
| #define LT_OBJDIR ".libs/"
| #define HAS_GETADDRINFO 1
| #define HAS_GETNAMEINFO 1
| /* end confdefs.h.  */
| /* Define gethostbyaddr_r to an innocuous variant, in case <limits.h> declares gethostbyaddr_r.
|    For example, HP-UX 11i <limits.h> declares gettimeofday.  */
| #define gethostbyaddr_r innocuous_gethostbyaddr_r
| 
| /* System header to define __stub macros and hopefully few prototypes,
|    which can conflict with char gethostbyaddr_r (); below.  */
| 
| #include <limits.h>
| #undef gethostbyaddr_r
| 
| /* Override any GCC internal prototype to avoid an error.
|    Use char because int might match the return type of a GCC
|    builtin and then its argument prototype would still apply.  */
| #ifdef __cplusplus
| extern "C"
| #endif
| char gethostbyaddr_r ();
| /* The GNU C library defines this for functions which it implements
|     to always fail with ENOSYS.  Some functions are actually named
|     something starting with __ and the normal name is an alias.  */
| #if defined __stub_gethostbyaddr_r || defined __stub___gethostbyaddr_r
| choke me
| #endif
| 
| int
| main (void)
| {
| return gethostbyaddr_r ();
|   ;
|   return 0;
| }
configure:12672: result: no
configure:12679: checking for gethostbyname_r
configure:12679: gcc -o conftest -g -O2   conftest.c  >&5
Undefined symbols for architecture arm64:
  "_gethostbyname_r", referenced from:
      _main in conftest-95f779.o
ld: symbol(s) not found for architecture arm64
clang: error: linker command failed with exit code 1 (use -v to see invocation)
configure:12679: $? = 1
configure: failed program was:
| /* confdefs.h */
| #define PACKAGE_NAME "libenet"
| #define PACKAGE_TARNAME "libenet"
| #define PACKAGE_VERSION "1.3.18"
| #define PACKAGE_STRING "libenet 1.3.18"
| #define PACKAGE_BUGREPORT ""
| #define PACKAGE_URL ""
| #define PACKAGE "libenet"
| #define VERSION "1.3.18"
| #define HAVE_STDIO_H 1
| #define HAVE_STDLIB_H 1
| #define HAVE_STRING_H 1
| #define HAVE_INTTYPES_H 1
| #define HAVE_STDINT_H 1
| #define HAVE_STRINGS_H 1
| #define HAVE_SYS_STAT_H 1
| #define HAVE_SYS_TYPES_H 1
| #define HAVE_UNISTD_H 1
| #define STDC_HEADERS 1
| #define HAVE_DLFCN_H 1
| #define LT_OBJDIR ".libs/"
| #define HAS_GETADDRINFO 1
| #define HAS_GETNAMEINFO 1
| /* end confdefs.h.  */
| /* Define gethostbyname_r to an innocuous variant, in case <limits.h> declares gethostbyname_r.
|    For example, HP-UX 11i <limits.h> declares gettimeofday.  */
| #define gethostbyname_r innocuous_gethostbyname_r
| 
| /* System header to define __stub macros and hopefully few prototypes,
|    which can conflict with char gethostbyname_r (); below.  */
| 
| #include <limits.h>
| #undef gethostbyname_r
| 
| /* Override any GCC internal prototype to avoid an error.
|    Use char because int might match the return type of a GCC
|    builtin and then its argument prototype would still apply.  */
| #ifdef __cplusplus
| extern "C"
| #endif
| char gethostbyname_r ();
| /* The GNU C library defines this for functions which it implements
|     to always fail with ENOSYS.  Some functions are actually named
|     something starting with __ and the normal name is an alias.  */
| #if defined __stub_gethostbyname_r || defined __stub___gethostbyname_r
| choke me
| #endif
| 
| int
| main (void)
| {
| return gethostbyname_r ();
|   ;
|   return 0;
| }
configure:12679: result: no
configure:12686: checking for poll
configure:12686: gcc -o conftest -g -O2   conftest.c  >&5
configure:12686: $? = 0
configure:12686: result: yes
configure:12693: checking for fcntl
configure:12693: gcc -o conftest -g -O2   conftest.c  >&5
configure:12693: $? = 0
configure:12693: result: yes
configure:12700: checking for inet_pton
configure:12700: gcc -o conftest -g -O2   conftest.c  >&5
configure:12700: $? = 0
configure:12700: result: yes
configure:12707: checking for inet_ntop
configure:12707: gcc -o conftest -g -O2   conftest.c  >&5
configure:12707: $? = 0
configure:12707: result: yes
configure:12715: checking for struct msghdr.msg_flags
configure:12715: gcc -c -g -O2  conftest.c >&5
configure:12715: $? = 0
configure:12715: result: yes
configure:12724: checking for socklen_t
configure:12724: gcc -c -g -O2  conftest.c >&5
configure:12724: $? = 0
configure:12724: gcc -c -g -O2  conftest.c >&5
conftest.c:37:24: error: expected expression
if (sizeof ((socklen_t)))
                       ^
1 error generated.
configure:12724: $? = 1
configure: failed program was:
| /* confdefs.h */
| #define PACKAGE_NAME "libenet"
| #define PACKAGE_TARNAME "libenet"
| #define PACKAGE_VERSION "1.3.18"
| #define PACKAGE_STRING "libenet 1.3.18"
| #define PACKAGE_BUGREPORT ""
| #define PACKAGE_URL ""
| #define PACKAGE "libenet"
| #define VERSION "1.3.18"
| #define HAVE_STDIO_H 1
| #define HAVE_STDLIB_H 1
| #define HAVE_STRING_H 1
| #define HAVE_INTTYPES_H 1
| #define HAVE_STDINT_H 1
| #define HAVE_STRINGS_H 1
| #define HAVE_SYS_STAT_H 1
| #define HAVE_SYS_TYPES_H 1
| #define HAVE_UNISTD_H 1
| #define STDC_HEADERS 1
| #define HAVE_DLFCN_H 1
| #define LT_OBJDIR ".libs/"
| #define HAS_GETADDRINFO 1
| #define HAS_GETNAMEINFO 1
| #define HAS_POLL 1
| #define HAS_FCNTL 1
| #define HAS_INET_PTON 1
| #define HAS_INET_NTOP 1
| #define HAS_MSGHDR_FLAGS 1
| /* end confdefs.h.  */
| #include <sys/types.h>
|               #include <sys/socket.h>
| 
| 
| int
| main (void)
| {
| if (sizeof ((socklen_t)))
| 	    return 0;
|   ;
|   return 0;
| }
configure:12724: result: yes
configure:12882: checking that generated files are newer than configure
configure:12888: result: done
configure:12911: creating ./config.status

## ---------------------- ##
## Running config.status. ##
## ---------------------- ##

This file was extended by libenet config.status 1.3.18, which was
generated by GNU Autoconf 2.71.  Invocation command line was

  CONFIG_FILES    = 
  CONFIG_HEADERS  = 
  CONFIG_LINKS    = 
  CONFIG_COMMANDS = 
  $ ./config.status 

on Air-Caleb-2

config.status:1003: creating Makefile
config.status:1003: creating libenet.pc
config.status:1175: executing depfiles commands
config.status:1252: cd .       && sed -e '/# am--include-marker/d' Makefile         | make -f - am--depfiles
config.status:1257: $? = 0
config.status:1175: executing libtool commands

## ---------------- ##
## Cache variables. ##
## ---------------- ##

ac_cv_build=aarch64-apple-darwin22.1.0
ac_cv_c_compiler_gnu=yes
ac_cv_env_CC_set=
ac_cv_env_CC_value=
ac_cv_env_CFLAGS_set=
ac_cv_env_CFLAGS_value=
ac_cv_env_CPPFLAGS_set=
ac_cv_env_CPPFLAGS_value=
ac_cv_env_LDFLAGS_set=
ac_cv_env_LDFLAGS_value=
ac_cv_env_LIBS_set=
ac_cv_env_LIBS_value=
ac_cv_env_LT_SYS_LIBRARY_PATH_set=
ac_cv_env_LT_SYS_LIBRARY_PATH_value=
ac_cv_env_build_alias_set=
ac_cv_env_build_alias_value=
ac_cv_env_host_alias_set=
ac_cv_env_host_alias_value=
ac_cv_env_target_alias_set=
ac_cv_env_target_alias_value=
ac_cv_func_fcntl=yes
ac_cv_func_getaddrinfo=yes
ac_cv_func_gethostbyaddr_r=no
ac_cv_func_gethostbyname_r=no
ac_cv_func_getnameinfo=yes
ac_cv_func_inet_ntop=yes
ac_cv_func_inet_pton=yes
ac_cv_func_poll=yes
ac_cv_header_dlfcn_h=yes
ac_cv_header_inttypes_h=yes
ac_cv_header_stdint_h=yes
ac_cv_header_stdio_h=yes
ac_cv_header_stdlib_h=yes
ac_cv_header_string_h=yes
ac_cv_header_strings_h=yes
ac_cv_header_sys_stat_h=yes
ac_cv_header_sys_types_h=yes
ac_cv_header_unistd_h=yes
ac_cv_host=aarch64-apple-darwin22.1.0
ac_cv_member_struct_msghdr_msg_flags=yes
ac_cv_objext=o
ac_cv_path_EGREP='/usr/bin/grep -E'
ac_cv_path_FGREP='/usr/bin/grep -F'
ac_cv_path_GREP=/usr/bin/grep
ac_cv_path_SED=/usr/bin/sed
ac_cv_path_install='/usr/bin/install -c'
ac_cv_path_lt_DD=/bin/dd
ac_cv_prog_AWK=awk
ac_cv_prog_ac_ct_AR=ar
ac_cv_prog_ac_ct_CC=gcc
ac_cv_prog_ac_ct_DSYMUTIL=dsymutil
ac_cv_prog_ac_ct_FILECMD=file
ac_cv_prog_ac_ct_LIPO=lipo
ac_cv_prog_ac_ct_NMEDIT=nmedit
ac_cv_prog_ac_ct_OBJDUMP=objdump
ac_cv_prog_ac_ct_OTOOL=otool
ac_cv_prog_ac_ct_RANLIB=ranlib
ac_cv_prog_ac_ct_STRIP=strip
ac_cv_prog_cc_c11=
ac_cv_prog_cc_g=yes
ac_cv_prog_cc_stdc=
ac_cv_prog_make_make_set=yes
ac_cv_type_socklen_t=yes
am_cv_CC_dependencies_compiler_type=gcc3
am_cv_make_support_nested_variables=yes
am_cv_prog_cc_c_o=yes
lt_cv_apple_cc_single_mod=yes
lt_cv_ar_at_file=no
lt_cv_deplibs_check_method=pass_all
lt_cv_file_magic_cmd='$MAGIC_CMD'
lt_cv_file_magic_test_file=
lt_cv_ld_exported_symbols_list=yes
lt_cv_ld_force_load=yes
lt_cv_ld_reload_flag=-r
lt_cv_nm_interface='BSD nm'
lt_cv_objdir=.libs
lt_cv_path_LD=/Library/Developer/CommandLineTools/usr/bin/ld
lt_cv_path_NM='/usr/bin/nm -B'
lt_cv_path_mainfest_tool=no
lt_cv_prog_compiler_c_o=yes
lt_cv_prog_compiler_pic='-fno-common -DPIC'
lt_cv_prog_compiler_pic_works=yes
lt_cv_prog_compiler_rtti_exceptions=yes
lt_cv_prog_compiler_static_works=no
lt_cv_prog_gnu_ld=no
lt_cv_sharedlib_from_linklib_cmd='printf %s\n'
lt_cv_sys_global_symbol_pipe='/usr/bin/sed -n -e '\''s/^.*[	 ]\([ABCDGIRSTW][ABCDGIRSTW]*\)[	 ][	 ]*_\([_A-Za-z][_A-Za-z0-9]*\)$/\1 _\2 \2/p'\'' | /usr/bin/sed '\''/ __gnu_lto/d'\'''
lt_cv_sys_global_symbol_to_c_name_address='/usr/bin/sed -n -e '\''s/^: \(.*\) .*$/  {"\1", (void *) 0},/p'\'' -e '\''s/^[ABCDGIRSTW][ABCDGIRSTW]* .* \(.*\)$/  {"\1", (void *) \&\1},/p'\'''
lt_cv_sys_global_symbol_to_c_name_address_lib_prefix='/usr/bin/sed -n -e '\''s/^: \(.*\) .*$/  {"\1", (void *) 0},/p'\'' -e '\''s/^[ABCDGIRSTW][ABCDGIRSTW]* .* \(lib.*\)$/  {"\1", (void *) \&\1},/p'\'' -e '\''s/^[ABCDGIRSTW][ABCDGIRSTW]* .* \(.*\)$/  {"lib\1", (void *) \&\1},/p'\'''
lt_cv_sys_global_symbol_to_cdecl='/usr/bin/sed -n -e '\''s/^T .* \(.*\)$/extern int \1();/p'\'' -e '\''s/^[ABCDGIRSTW][ABCDGIRSTW]* .* \(.*\)$/extern char \1;/p'\'''
lt_cv_sys_global_symbol_to_import=
lt_cv_sys_max_cmd_len=786432
lt_cv_to_host_file_cmd=func_convert_file_noop
lt_cv_to_tool_file_cmd=func_convert_file_noop
lt_cv_truncate_bin='/bin/dd bs=4096 count=1'

## ----------------- ##
## Output variables. ##
## ----------------- ##

ACLOCAL='${SHELL} '\''/Users/cfoust/Developer/cfoust/sour/pkg/enet/enet/missing'\'' aclocal-1.16'
AMDEPBACKSLASH='\'
AMDEP_FALSE='#'
AMDEP_TRUE=''
AMTAR='$${TAR-tar}'
AM_BACKSLASH='\'
AM_DEFAULT_V='$(AM_DEFAULT_VERBOSITY)'
AM_DEFAULT_VERBOSITY='1'
AM_V='$(V)'
AR='ar'
AUTOCONF='${SHELL} '\''/Users/cfoust/Developer/cfoust/sour/pkg/enet/enet/missing'\'' autoconf'
AUTOHEADER='${SHELL} '\''/Users/cfoust/Developer/cfoust/sour/pkg/enet/enet/missing'\'' autoheader'
AUTOMAKE='${SHELL} '\''/Users/cfoust/Developer/cfoust/sour/pkg/enet/enet/missing'\'' automake-1.16'
AWK='awk'
CC='gcc'
CCDEPMODE='depmode=gcc3'
CFLAGS='-g -O2'
CPPFLAGS=''
CSCOPE='cscope'
CTAGS='ctags'
CYGPATH_W='echo'
DEFS='-DPACKAGE_NAME=\"libenet\" -DPACKAGE_TARNAME=\"libenet\" -DPACKAGE_VERSION=\"1.3.18\" -DPACKAGE_STRING=\"libenet\ 1.3.18\" -DPACKAGE_BUGREPORT=\"\" -DPACKAGE_URL=\"\" -DPACKAGE=\"libenet\" -DVERSION=\"1.3.18\" -DHAVE_STDIO_H=1 -DHAVE_STDLIB_H=1 -DHAVE_STRING_H=1 -DHAVE_INTTYPES_H=1 -DHAVE_STDINT_H=1 -DHAVE_STRINGS_H=1 -DHAVE_SYS_STAT_H=1 -DHAVE_SYS_TYPES_H=1 -DHAVE_UNISTD_H=1 -DSTDC_HEADERS=1 -DHAVE_DLFCN_H=1 -DLT_OBJDIR=\".libs/\" -DHAS_GETADDRINFO=1 -DHAS_GETNAMEINFO=1 -DHAS_POLL=1 -DHAS_FCNTL=1 -DHAS_INET_PTON=1 -DHAS_INET_NTOP=1 -DHAS_MSGHDR_FLAGS=1 -DHAS_SOCKLEN_T=1'
DEPDIR='.deps'
DLLTOOL='false'
DSYMUTIL='dsymutil'
DUMPBIN=''
ECHO_C='\c'
ECHO_N=''
ECHO_T=''
EGREP='/usr/bin/grep -E'
ETAGS='etags'
EXEEXT=''
FGREP='/usr/bin/grep -F'
FILECMD='file'
GREP='/usr/bin/grep'
INSTALL_DATA='${INSTALL} -m 644'
INSTALL_PROGRAM='${INSTALL}'
INSTALL_SCRIPT='${INSTALL}'
INSTALL_STRIP_PROGRAM='$(install_sh) -c -s'
LD='/Library/Developer/CommandLineTools/usr/bin/ld'
LDFLAGS=''
LIBOBJS=''
LIBS=''
LIBTOOL='$(SHELL) $(top_builddir)/libtool'
LIPO='lipo'
LN_S='ln -s'
LTLIBOBJS=''
LT_SYS_LIBRARY_PATH=''
MAKEINFO='${SHELL} '\''/Users/cfoust/Developer/cfoust/sour/pkg/enet/enet/missing'\'' makeinfo'
MANIFEST_TOOL=':'
MKDIR_P='./install-sh -c -d'
NM='/usr/bin/nm -B'
NMEDIT='nmedit'
OBJDUMP='objdump'
OBJEXT='o'
OTOOL64=':'
OTOOL='otool'
PACKAGE='libenet'
PACKAGE_BUGREPORT=''
PACKAGE_NAME='libenet'
PACKAGE_STRING='libenet 1.3.18'
PACKAGE_TARNAME='libenet'
PACKAGE_URL=''
PACKAGE_VERSION='1.3.18'
PATH_SEPARATOR=':'
RANLIB='ranlib'
SED='/usr/bin/sed'
SET_MAKE=''
SHELL='/bin/sh'
STRIP='strip'
VERSION='1.3.18'
ac_ct_AR='ar'
ac_ct_CC='gcc'
ac_ct_DUMPBIN=''
am__EXEEXT_FALSE=''
am__EXEEXT_TRUE='#'
am__fastdepCC_FALSE='#'
am__fastdepCC_TRUE=''
am__include='include'
am__isrc=''
am__leading_dot='.'
am__nodep='_no'
am__quote=''
am__tar='$${TAR-tar} chof - "$$tardir"'
am__untar='$${TAR-tar} xf -'
bindir='${exec_prefix}/bin'
build='aarch64-apple-darwin22.1.0'
build_alias=''
build_cpu='aarch64'
build_os='darwin22.1.0'
build_vendor='apple'
datadir='${datarootdir}'
datarootdir='${prefix}/share'
docdir='${datarootdir}/doc/${PACKAGE_TARNAME}'
dvidir='${docdir}'
exec_prefix='${prefix}'
host='aarch64-apple-darwin22.1.0'
host_alias=''
host_cpu='aarch64'
host_os='darwin22.1.0'
host_vendor='apple'
htmldir='${docdir}'
includedir='${prefix}/include'
infodir='${datarootdir}/info'
install_sh='${SHELL} /Users/cfoust/Developer/cfoust/sour/pkg/enet/enet/install-sh'
libdir='${exec_prefix}/lib'
libexecdir='${exec_prefix}/libexec'
localedir='${datarootdir}/locale'
localstatedir='${prefix}/var'
mandir='${datarootdir}/man'
mkdir_p='$(MKDIR_P)'
oldincludedir='/usr/include'
pdfdir='${docdir}'
prefix='/usr/local'
program_transform_name='s,x,x,'
psdir='${docdir}'
runstatedir='${localstatedir}/run'
sbindir='${exec_prefix}/sbin'
sharedstatedir='${prefix}/com'
sysconfdir='${prefix}/etc'
target_alias=''

## ----------- ##
## confdefs.h. ##
## ----------- ##

/* confdefs.h */
#define PACKAGE_NAME "libenet"
#define PACKAGE_TARNAME "libenet"
#define PACKAGE_VERSION "1.3.18"
#define PACKAGE_STRING "libenet 1.3.18"
#define PACKAGE_BUGREPORT ""
#define PACKAGE_URL ""
#define PACKAGE "libenet"
#define VERSION "1.3.18"
#define HAVE_STDIO_H 1
#define HAVE_STDLIB_H 1
#define HAVE_STRING_H 1
#define HAVE_INTTYPES_H 1
#define HAVE_STDINT_H 1
#define HAVE_STRINGS_H 1
#define HAVE_SYS_STAT_H 1
#define HAVE_SYS_TYPES_H 1
#define HAVE_UNISTD_H 1
#define STDC_HEADERS 1
#define HAVE_DLFCN_H 1
#define LT_OBJDIR ".libs/"
#define HAS_GETADDRINFO 1
#define HAS_GETNAMEINFO 1
#define HAS_POLL 1
#define HAS_FCNTL 1
#define HAS_INET_PTON 1
#define HAS_INET_NTOP 1
#define HAS_MSGHDR_FLAGS 1
#define HAS_SOCKLEN_T 1

configure: exit 0
